I: Using Apktool 2.9.3
I: Checking whether sources has changed...
I: Smaling smali folder into classes.dex...
I: Checking whether sources has changed...
I: Smaling smali_classes6 folder into classes6.dex...
I: Checking whether sources has changed...
I: Smaling smali_classes5 folder into classes5.dex...
I: Checking whether sources has changed...
I: Smaling smali_classes7 folder into classes7.dex...
I: Checking whether sources has changed...
I: Smaling smali_classes3 folder into classes3.dex...
I: Checking whether sources has changed...
I: Smaling smali_classes4 folder into classes4.dex...
I: Checking whether sources has changed...
I: Smaling smali_classes2 folder into classes2.dex...
I: Checking whether sources has changed...
I: Smaling smali_classes8 folder into classes8.dex...
I: Checking whether resources has changed...
I: Building resources...
I: Copying libs... (/lib)
I: Copying libs... (/kotlin)
I: Copying libs... (/META-INF/services)
I: Building apk file...
I: Copying unknown files/dir...
I: Built apk into: /tmp/apk-mitm-8584d07de1b4ce7557d3154790e491df/tmp.apk
